2026-04-22 08:03:52,346 [INFO] ============================================================
2026-04-22 08:03:52,348 [INFO] 🚀 B2B Intel Pipeline Starting
2026-04-22 08:03:52,349 [INFO] ============================================================
2026-04-22 08:03:52,350 [INFO] 
📡 STEP 1: Scraping...
2026-04-22 08:03:52,350 [INFO] Scraping RemoteOK API...
2026-04-22 08:03:53,306 [INFO] RemoteOK: raw 99 jobs fetched
2026-04-22 08:03:53,306 [INFO] RemoteOK: 99 valid jobs extracted
2026-04-22 08:03:53,306 [INFO] Scraping HN Who Is Hiring...
2026-04-22 08:03:54,161 [INFO] HN thread found: story id=22665398
2026-04-22 08:03:55,044 [INFO] HN: fetching 150 comments...
2026-04-22 08:05:38,707 [INFO] ============================================================
2026-04-22 08:05:38,709 [INFO] 🚀 B2B Intel Pipeline Starting
2026-04-22 08:05:38,709 [INFO] ============================================================
2026-04-22 08:05:38,710 [INFO] 
📡 STEP 1: Scraping...
2026-04-22 08:05:38,710 [INFO] Scraping RemoteOK API...
2026-04-22 08:05:39,600 [INFO] RemoteOK: raw 99 jobs fetched
2026-04-22 08:05:39,604 [INFO] RemoteOK: 99 valid jobs extracted
2026-04-22 08:05:39,605 [INFO] Scraping HN Who Is Hiring...
2026-04-22 08:05:40,209 [INFO] HN thread found: story id=22665398
2026-04-22 08:05:40,924 [INFO] HN: fetching 150 comments...
2026-04-22 08:06:05,674 [INFO] HN: 143 job postings extracted
2026-04-22 08:06:05,791 [INFO] ✅ Scraping complete. Total jobs: 242
2026-04-22 08:06:05,796 [INFO]    Saved to: data\raw\jobs_raw_20260422_023605.json
2026-04-22 08:06:05,796 [INFO]    → 242 raw jobs collected
2026-04-22 08:06:05,796 [INFO] 
🧹 STEP 2: Cleaning...
2026-04-22 08:06:06,003 [INFO] Starting clean. Input: 242 jobs
2026-04-22 08:06:06,038 [INFO] Duplicates removed: 0
2026-04-22 08:06:06,177 [INFO] ✅ Cleaning complete. Output: 99 jobs
2026-04-22 08:06:06,224 [INFO] Saved: data\clean\jobs_clean_20260422_023606.csv
2026-04-22 08:06:06,225 [INFO] Saved: data\clean\jobs_clean_latest.json
2026-04-22 08:06:06,226 [INFO] 
📋 CLEANING DECISIONS:
2026-04-22 08:06:06,226 [INFO]   duplicate_strategy: Keep first occurrence, drop rest by job_id
2026-04-22 08:06:06,226 [INFO]   missing_company: Fill with 'Unknown Company'
2026-04-22 08:06:06,226 [INFO]   missing_title: Fill with 'Unknown Role'
2026-04-22 08:06:06,226 [INFO]   missing_location: Fill with 'Remote' (majority of scraped jobs are remote)
2026-04-22 08:06:06,226 [INFO]   missing_description: Fill with empty string — not required for core analytics
2026-04-22 08:06:06,228 [INFO]   salary_missing: Keep as None/null — don't impute; salary varies wildly
2026-04-22 08:06:06,228 [INFO]   tags_empty: Leave as empty list — not all jobs have tags
2026-04-22 08:06:06,228 [INFO]   date_normalisation: Parse to ISO 8601 UTC. Invalid dates → scraped_at fallback
2026-04-22 08:06:06,228 [INFO]   company_normalisation: Strip HTML, lowercase, title-case, remove Inc/Ltd/LLC
2026-04-22 08:06:06,228 [INFO]   title_normalisation: Strip HTML entities, truncate to 200 chars
2026-04-22 08:06:06,228 [INFO]   location_normalisation: Map common abbreviations (SF, NYC, etc.) to full names
2026-04-22 08:06:06,228 [INFO]   description_cleaning: Strip HTML tags, collapse whitespace, truncate to 2000 chars
2026-04-22 08:06:06,229 [INFO]   tags_normalisation: Deduplicate, sort alphabetically, max 20 tags per job
2026-04-22 08:06:06,229 [INFO]    → 99 clean jobs ready
2026-04-22 08:06:06,229 [INFO] 
💾 STEP 3: Storing in database...
2026-04-22 08:06:06,230 [INFO] ✅ Database tables created/verified
2026-04-22 08:06:06,308 [INFO]    → 0 new jobs inserted, 99 duplicates skipped
2026-04-22 08:06:06,328 [INFO] 
============================================================
2026-04-22 08:06:06,328 [INFO] ✅ Pipeline complete. Status: success
2026-04-22 08:06:06,329 [INFO] ============================================================
2026-04-22 08:07:51,566 [INFO] HN: 143 job postings extracted
2026-04-22 08:07:51,651 [INFO] ✅ Scraping complete. Total jobs: 242
2026-04-22 08:07:51,652 [INFO]    Saved to: data\raw\jobs_raw_20260422_023751.json
2026-04-22 08:07:51,652 [INFO]    → 242 raw jobs collected
2026-04-22 08:07:51,652 [INFO] 
🧹 STEP 2: Cleaning...
2026-04-22 08:07:51,697 [INFO] Starting clean. Input: 242 jobs
2026-04-22 08:07:51,715 [INFO] Duplicates removed: 0
2026-04-22 08:07:51,891 [INFO] ✅ Cleaning complete. Output: 99 jobs
2026-04-22 08:07:51,909 [INFO] Saved: data\clean\jobs_clean_20260422_023751.csv
2026-04-22 08:07:51,911 [INFO] Saved: data\clean\jobs_clean_latest.json
2026-04-22 08:07:51,912 [INFO] 
📋 CLEANING DECISIONS:
2026-04-22 08:07:51,912 [INFO]   duplicate_strategy: Keep first occurrence, drop rest by job_id
2026-04-22 08:07:51,912 [INFO]   missing_company: Fill with 'Unknown Company'
2026-04-22 08:07:51,912 [INFO]   missing_title: Fill with 'Unknown Role'
2026-04-22 08:07:51,912 [INFO]   missing_location: Fill with 'Remote' (majority of scraped jobs are remote)
2026-04-22 08:07:51,912 [INFO]   missing_description: Fill with empty string — not required for core analytics
2026-04-22 08:07:51,912 [INFO]   salary_missing: Keep as None/null — don't impute; salary varies wildly
2026-04-22 08:07:51,912 [INFO]   tags_empty: Leave as empty list — not all jobs have tags
2026-04-22 08:07:51,912 [INFO]   date_normalisation: Parse to ISO 8601 UTC. Invalid dates → scraped_at fallback
2026-04-22 08:07:51,912 [INFO]   company_normalisation: Strip HTML, lowercase, title-case, remove Inc/Ltd/LLC
2026-04-22 08:07:51,912 [INFO]   title_normalisation: Strip HTML entities, truncate to 200 chars
2026-04-22 08:07:51,912 [INFO]   location_normalisation: Map common abbreviations (SF, NYC, etc.) to full names
2026-04-22 08:07:51,912 [INFO]   description_cleaning: Strip HTML tags, collapse whitespace, truncate to 2000 chars
2026-04-22 08:07:51,912 [INFO]   tags_normalisation: Deduplicate, sort alphabetically, max 20 tags per job
2026-04-22 08:07:51,912 [INFO]    → 99 clean jobs ready
2026-04-22 08:07:51,912 [INFO] 
💾 STEP 3: Storing in database...
2026-04-22 08:07:51,917 [INFO] ✅ Database tables created/verified
2026-04-22 08:07:52,009 [INFO]    → 0 new jobs inserted, 99 duplicates skipped
2026-04-22 08:07:52,016 [INFO] 
============================================================
2026-04-22 08:07:52,017 [INFO] ✅ Pipeline complete. Status: success
2026-04-22 08:07:52,017 [INFO] ============================================================
